-------------------------------------------------------------------------------
Test set: com.bestbuyapi.utilitiesinfo.UtilitiesCURDTestWithSteps
-------------------------------------------------------------------------------
Tests run: 2, Failures: 0, Errors: 2, Skipped: 0, Time elapsed: 8.417 sec <<< FAILURE! - in com.bestbuyapi.utilitiesinfo.UtilitiesCURDTestWithSteps
test001(com.bestbuyapi.utilitiesinfo.UtilitiesCURDTestWithSteps)  Time elapsed: 4.131 sec  <<< ERROR!
java.lang.NullPointerException: null
	at io.restassured.internal.print.ResponsePrinter.print(ResponsePrinter.java:46)
	at io.restassured.internal.ValidatableResponseOptionsImpl.logResponse(ValidatableResponseOptionsImpl.java:423)
	at io.restassured.internal.ValidatableResponseOptionsImpl.logResponse(ValidatableResponseOptionsImpl.java:419)
	at io.restassured.internal.ValidatableResponseOptionsImpl.logResponse(ValidatableResponseOptionsImpl.java:415)
	at io.restassured.internal.ValidatableResponseOptionsImpl.all(ValidatableResponseOptionsImpl.java:371)
	at com.bestbuyapi.utilitiesinfo.UtilitiesCURDTestWithSteps.test001(UtilitiesCURDTestWithSteps.java:20)

test002(com.bestbuyapi.utilitiesinfo.UtilitiesCURDTestWithSteps)  Time elapsed: 4.158 sec  <<< ERROR!
java.lang.NullPointerException: null
	at io.restassured.internal.print.ResponsePrinter.print(ResponsePrinter.java:46)
	at io.restassured.internal.ValidatableResponseOptionsImpl.logResponse(ValidatableResponseOptionsImpl.java:423)
	at io.restassured.internal.ValidatableResponseOptionsImpl.logResponse(ValidatableResponseOptionsImpl.java:419)
	at io.restassured.internal.ValidatableResponseOptionsImpl.logResponse(ValidatableResponseOptionsImpl.java:415)
	at io.restassured.internal.ValidatableResponseOptionsImpl.all(ValidatableResponseOptionsImpl.java:371)
	at com.bestbuyapi.utilitiesinfo.UtilitiesCURDTestWithSteps.test002(UtilitiesCURDTestWithSteps.java:27)

