<?xml version="1.0" encoding="UTF-8"?>
<testsuite name="com.bestbuyapi.utilitiesinfo.UtilitiesCURDTestWithSteps" time="8.289" tests="2" errors="2" skipped="0" failures="0">
  <properties>
[...]
</properties>
  <testcase name="test001" classname="com.bestbuyapi.utilitiesinfo.UtilitiesCURDTestWithSteps" time="4.131">
    <error type="java.lang.NullPointerException:">java.lang.NullPointerException: null
	at io.restassured.internal.print.ResponsePrinter.print(ResponsePrinter.java:46)
	at io.restassured.internal.ValidatableResponseOptionsImpl.logResponse(ValidatableResponseOptionsImpl.java:423)
	at io.restassured.internal.ValidatableResponseOptionsImpl.logResponse(ValidatableResponseOptionsImpl.java:419)
	at io.restassured.internal.ValidatableResponseOptionsImpl.logResponse(ValidatableResponseOptionsImpl.java:415)
	at io.restassured.internal.ValidatableResponseOptionsImpl.all(ValidatableResponseOptionsImpl.java:371)
	at com.bestbuyapi.utilitiesinfo.UtilitiesCURDTestWithSteps.test001(UtilitiesCURDTestWithSteps.java:20)
</error>
    <system-out><![CDATA[Request method:	GET
Request URI:	http://localhost:3030/healthcheck
Proxy:			<none>
Request params:	<none>
Query params:	<none>
Form params:	<none>
Path params:	<none>
Multiparts:		<none>
Headers:		Accept=*/*
				Content-Type=application/json; charset=UTF-8
Cookies:		<none>
Body:			<none>
]]></system-out>
    <system-err><![CDATA[69129 [main] ERROR net.serenitybdd.core.Serenity - 
           __  _____ _____ ____ _____   _____ _    ___ _     _____ ____  
  _       / / |_   _| ____/ ___|_   _| |  ___/ \  |_ _| |   | ____|  _ \ 
 (_)_____| |    | | |  _| \___ \ | |   | |_ / _ \  | || |   |  _| | | | |
  _|_____| |    | | | |___ ___) || |   |  _/ ___ \ | || |___| |___| |_| |
 (_)     | |    |_| |_____|____/ |_|   |_|/_/   \_\___|_____|_____|____/ 
          \_\                                                            

TEST FAILED WITH ERROR: Delete the service and verify if the service is deleted!
---------------------------------------------------------------------
69131 [main] ERROR net.serenitybdd.core.Serenity - TEST FAILED AT STEP DELETE
69132 [main] ERROR net.serenitybdd.core.Serenity - Some exception during recording fields
69155 [pool-3-thread-2] INFO net.thucydides.core.reports.json.JSONTestOutcomeReporter - Generating JSON report for Verify if the service was added to file C:\Users\pramu\IdeaProjects\serenity-bestbuyapi-week-18\target\site\serenity\7ac18106287e44dc70c70ec24f6e726be2f4bf259c6fd09bf59adf8c7129ee60.json (using temp file C:\Users\pramu\IdeaProjects\serenity-bestbuyapi-week-18\target\site\serenity\7ac18106287e44dc70c70ec24f6e726be2f4bf259c6fd09bf59adf8c7129ee60.jsonf6313439-28d6-4f06-9793-c4c3abf68277)
69156 [pool-3-thread-1] INFO net.thucydides.core.reports.json.JSONTestOutcomeReporter - Generating JSON report for This will create a new service to file C:\Users\pramu\IdeaProjects\serenity-bestbuyapi-week-18\target\site\serenity\a608b61da0a3ae3b9ad8ea0a1abd5dfd2afa088ffe0643b5b317f8b54b1e7ac6.json (using temp file C:\Users\pramu\IdeaProjects\serenity-bestbuyapi-week-18\target\site\serenity\a608b61da0a3ae3b9ad8ea0a1abd5dfd2afa088ffe0643b5b317f8b54b1e7ac6.json86638349-60f7-4644-96a2-c064cbd7fc01)
69158 [pool-3-thread-3] INFO net.thucydides.core.reports.json.JSONTestOutcomeReporter - Generating JSON report for Update the service information and verify the updated information to file C:\Users\pramu\IdeaProjects\serenity-bestbuyapi-week-18\target\site\serenity\8a3b4fe5241378fae25dd00cf4a0410f93fe1a253fb52b1202da44709f6fe3b5.json (using temp file C:\Users\pramu\IdeaProjects\serenity-bestbuyapi-week-18\target\site\serenity\8a3b4fe5241378fae25dd00cf4a0410f93fe1a253fb52b1202da44709f6fe3b5.jsona5bd6d6e-cfcb-4c2e-8b76-baf4d918d912)
69162 [pool-3-thread-4] INFO net.thucydides.core.reports.json.JSONTestOutcomeReporter - Generating JSON report for Delete the service and verify if the service is deleted! to file C:\Users\pramu\IdeaProjects\serenity-bestbuyapi-week-18\target\site\serenity\b027052036d54ee5a674370e88017488431a4abfe0f64364875fea28bbe13269.json (using temp file C:\Users\pramu\IdeaProjects\serenity-bestbuyapi-week-18\target\site\serenity\b027052036d54ee5a674370e88017488431a4abfe0f64364875fea28bbe13269.jsond8491f02-5566-4eab-aef5-54d3f6b44a30)
69257 [pool-4-thread-4] INFO net.thucydides.core.reports.html.HtmlAcceptanceTestReporter - GENERATING HTML REPORT FOR Services CURD test with steps:test04 in b027052036d54ee5a674370e88017488431a4abfe0f64364875fea28bbe13269.html in directory target\site\serenity  
69267 [pool-4-thread-2] INFO net.thucydides.core.reports.html.HtmlAcceptanceTestReporter - GENERATING HTML REPORT FOR Services CURD test with steps:test02 in 7ac18106287e44dc70c70ec24f6e726be2f4bf259c6fd09bf59adf8c7129ee60.html in directory target\site\serenity  
69267 [pool-4-thread-1] INFO net.thucydides.core.reports.html.HtmlAcceptanceTestReporter - GENERATING HTML REPORT FOR Services CURD test with steps:test01 in a608b61da0a3ae3b9ad8ea0a1abd5dfd2afa088ffe0643b5b317f8b54b1e7ac6.html in directory target\site\serenity  
69270 [pool-4-thread-3] INFO net.thucydides.core.reports.html.HtmlAcceptanceTestReporter - GENERATING HTML REPORT FOR Services CURD test with steps:test03 in 8a3b4fe5241378fae25dd00cf4a0410f93fe1a253fb52b1202da44709f6fe3b5.html in directory target\site\serenity  
69636 [main] INFO net.serenitybdd.core.Serenity - Test Suite Started: Utilities CURD test with steps
69638 [main] INFO net.serenitybdd.core.Serenity - 
 _____ _____ ____ _____   ____ _____  _    ____ _____ _____ ____  
|_   _| ____/ ___|_   _| / ___|_   _|/ \  |  _ \_   _| ____|  _ \ 
  | | |  _| \___ \ | |   \___ \ | | / _ \ | |_) || | |  _| | | | |
  | | | |___ ___) || |    ___) || |/ ___ \|  _ < | | | |___| |_| |
  |_| |_____|____/ |_|   |____/ |_/_/   \_\_| \_\|_| |_____|____/ 
                                                                  

TEST STARTED: test001
-------------------------------------------------------------------
69644 [main] INFO net.serenitybdd.core.Serenity - TEST NUMBER: 9
]]></system-err>
  </testcase>
  <testcase name="test002" classname="com.bestbuyapi.utilitiesinfo.UtilitiesCURDTestWithSteps" time="4.158">
    <error type="java.lang.NullPointerException:">java.lang.NullPointerException: null
	at io.restassured.internal.print.ResponsePrinter.print(ResponsePrinter.java:46)
	at io.restassured.internal.ValidatableResponseOptionsImpl.logResponse(ValidatableResponseOptionsImpl.java:423)
	at io.restassured.internal.ValidatableResponseOptionsImpl.logResponse(ValidatableResponseOptionsImpl.java:419)
	at io.restassured.internal.ValidatableResponseOptionsImpl.logResponse(ValidatableResponseOptionsImpl.java:415)
	at io.restassured.internal.ValidatableResponseOptionsImpl.all(ValidatableResponseOptionsImpl.java:371)
	at com.bestbuyapi.utilitiesinfo.UtilitiesCURDTestWithSteps.test002(UtilitiesCURDTestWithSteps.java:27)
</error>
    <system-out><![CDATA[Request method:	GET
Request URI:	http://localhost:3030/version
Proxy:			<none>
Request params:	<none>
Query params:	<none>
Form params:	<none>
Path params:	<none>
Multiparts:		<none>
Headers:		Accept=*/*
				Content-Type=application/json; charset=UTF-8
Cookies:		<none>
Body:			<none>
]]></system-out>
    <system-err><![CDATA[73898 [main] ERROR net.serenitybdd.core.Serenity - 
           __  _____ _____ ____ _____   _____ _    ___ _     _____ ____  
  _       / / |_   _| ____/ ___|_   _| |  ___/ \  |_ _| |   | ____|  _ \ 
 (_)_____| |    | | |  _| \___ \ | |   | |_ / _ \  | || |   |  _| | | | |
  _|_____| |    | | | |___ ___) || |   |  _/ ___ \ | || |___| |___| |_| |
 (_)     | |    |_| |_____|____/ |_|   |_|/_/   \_\___|_____|_____|____/ 
          \_\                                                            

TEST FAILED WITH ERROR: This will get all HealthCheck
---------------------------------------------------------------------
73899 [main] ERROR net.serenitybdd.core.Serenity - TEST FAILED AT STEP GET
73899 [main] ERROR net.serenitybdd.core.Serenity - Some exception during recording fields
73906 [main] INFO net.serenitybdd.core.Serenity - 
 _____ _____ ____ _____   ____ _____  _    ____ _____ _____ ____  
|_   _| ____/ ___|_   _| / ___|_   _|/ \  |  _ \_   _| ____|  _ \ 
  | | |  _| \___ \ | |   \___ \ | | / _ \ | |_) || | |  _| | | | |
  | | | |___ ___) || |    ___) || |/ ___ \|  _ < | | | |___| |_| |
  |_| |_____|____/ |_|   |____/ |_/_/   \_\_| \_\|_| |_____|____/ 
                                                                  

TEST STARTED: test002
-------------------------------------------------------------------
73906 [main] INFO net.serenitybdd.core.Serenity - TEST NUMBER: 10
]]></system-err>
  </testcase>
</testsuite>