<?xml version="1.0" encoding="UTF-8"?><testsuite errors="4" failures="0" name="com.bestbuyapi.servicesinfo.ServicesCURDTestWithSteps" skipped="0" tests="4" time="18.57" timestamp="2022-06-09T22:01:28.496+01:00[Europe/London]"><testcase classname="com.bestbuyapi.servicesinfo.ServicesCURDTestWithSteps" name="This will create a new service"><error message="Some exception during recording fields" type="java.lang.RuntimeException">Some exception during recording fields</error><system-err>Some exception during recording fields&#13;
net.serenitybdd.rest.filters.FieldsRecordingFilter.filter(FieldsRecordingFilter.java:52)&#13;
io.restassured.internal.filter.FilterContextImpl.next(FilterContextImpl.groovy:72)&#13;
io.restassured.filter.log.RequestLoggingFilter.filter(RequestLoggingFilter.java:124)&#13;
net.serenitybdd.rest.filters.FieldsRecordingFilter.filter(FieldsRecordingFilter.java:40)&#13;
io.restassured.internal.filter.FilterContextImpl.next(FilterContextImpl.groovy:72)&#13;
io.restassured.filter.log.RequestLoggingFilter.filter(RequestLoggingFilter.java:124)&#13;
net.serenitybdd.rest.filters.FieldsRecordingFilter.filter(FieldsRecordingFilter.java:40)&#13;
io.restassured.internal.filter.FilterContextImpl.next(FilterContextImpl.groovy:72)&#13;
io.restassured.filter.log.RequestLoggingFilter.filter(RequestLoggingFilter.java:124)&#13;
net.serenitybdd.rest.filters.FieldsRecordingFilter.filter(FieldsRecordingFilter.java:40)&#13;
io.restassured.internal.filter.FilterContextImpl.next(FilterContextImpl.groovy:72)&#13;
io.restassured.filter.log.RequestLoggingFilter.filter(RequestLoggingFilter.java:124)&#13;
net.serenitybdd.rest.filters.FieldsRecordingFilter.filter(FieldsRecordingFilter.java:40)&#13;
io.restassured.internal.filter.FilterContextImpl.next(FilterContextImpl.groovy:72)&#13;
io.restassured.filter.log.RequestLoggingFilter.filter(RequestLoggingFilter.java:124)&#13;
net.serenitybdd.rest.filters.FieldsRecordingFilter.filter(FieldsRecordingFilter.java:40)&#13;
io.restassured.internal.filter.FilterContextImpl.next(FilterContextImpl.groovy:72)&#13;
io.restassured.internal.RequestSpecificationImpl.applyPathParamsAndSendRequest(RequestSpecificationImpl.groovy:1722)&#13;
groovy.lang.MetaMethod.doMethodInvoke(MetaMethod.java:325)&#13;
groovy.lang.MetaClassImpl.invokeMethod(MetaClassImpl.java:1213)&#13;
groovy.lang.MetaClassImpl.invokeMethod(MetaClassImpl.java:1022)&#13;
groovy.lang.MetaClassImpl.invokeMethod(MetaClassImpl.java:810)&#13;
io.restassured.internal.RequestSpecificationImpl.invokeMethod(RequestSpecificationImpl.groovy)&#13;
io.restassured.internal.RequestSpecificationImpl.applyPathParamsAndSendRequest(RequestSpecificationImpl.groovy:1728)&#13;
groovy.lang.MetaMethod.doMethodInvoke(MetaMethod.java:325)&#13;
groovy.lang.MetaClassImpl.invokeMethod(MetaClassImpl.java:1213)&#13;
groovy.lang.MetaClassImpl.invokeMethod(MetaClassImpl.java:1022)&#13;
groovy.lang.MetaClassImpl.invokeMethod(MetaClassImpl.java:810)&#13;
io.restassured.internal.RequestSpecificationImpl.invokeMethod(RequestSpecificationImpl.groovy)&#13;
io.restassured.internal.RequestSpecificationImpl.post(RequestSpecificationImpl.groovy:172)&#13;
net.serenitybdd.rest.decorators.request.RequestSpecificationDecorated.execute(RequestSpecificationDecorated.java:224)&#13;
net.serenitybdd.rest.decorators.request.RequestSpecificationDecorated.post(RequestSpecificationDecorated.java:74)&#13;
net.serenitybdd.rest.decorators.request.RequestSpecificationDecorated.post(RequestSpecificationDecorated.java:27)&#13;
com.bestbuyapi.bestbuyapiinfo.ServicesSteps.createService(ServicesSteps.java:21)&#13;
com.bestbuyapi.servicesinfo.ServicesCURDTestWithSteps.test01(ServicesCURDTestWithSteps.java:28)&#13;
</system-err></testcase><testcase classname="com.bestbuyapi.servicesinfo.ServicesCURDTestWithSteps" name="Verify if the service was added"><error message="Cannot invoke method hasCustomParserExcludingDefaultParser() on null object" type="java.lang.NullPointerException">Cannot invoke method hasCustomParserExcludingDefaultParser() on null object</error><system-err>Cannot invoke method hasCustomParserExcludingDefaultParser() on null object&#13;
io.restassured.internal.RestAssuredResponseOptionsGroovyImpl.findContentType(RestAssuredResponseOptionsGroovyImpl.groovy:484)&#13;
io.restassured.internal.RestAssuredResponseOptionsGroovyImpl.path(RestAssuredResponseOptionsGroovyImpl.groovy:391)&#13;
io.restassured.internal.RestAssuredResponseOptionsImpl.path(RestAssuredResponseOptionsImpl.java:200)&#13;
com.bestbuyapi.bestbuyapiinfo.ServicesSteps.getServiceInfoByName(ServicesSteps.java:36)&#13;
com.bestbuyapi.servicesinfo.ServicesCURDTestWithSteps.test02(ServicesCURDTestWithSteps.java:35)&#13;
</system-err></testcase><testcase classname="com.bestbuyapi.servicesinfo.ServicesCURDTestWithSteps" name="Update the service information and verify the updated information"><error message="Some exception during recording fields" type="java.lang.RuntimeException">Some exception during recording fields</error><system-err>Some exception during recording fields&#13;
net.serenitybdd.rest.filters.FieldsRecordingFilter.filter(FieldsRecordingFilter.java:52)&#13;
io.restassured.internal.filter.FilterContextImpl.next(FilterContextImpl.groovy:72)&#13;
io.restassured.filter.log.RequestLoggingFilter.filter(RequestLoggingFilter.java:124)&#13;
net.serenitybdd.rest.filters.FieldsRecordingFilter.filter(FieldsRecordingFilter.java:40)&#13;
io.restassured.internal.filter.FilterContextImpl.next(FilterContextImpl.groovy:72)&#13;
io.restassured.filter.log.RequestLoggingFilter.filter(RequestLoggingFilter.java:124)&#13;
net.serenitybdd.rest.filters.FieldsRecordingFilter.filter(FieldsRecordingFilter.java:40)&#13;
io.restassured.internal.filter.FilterContextImpl.next(FilterContextImpl.groovy:72)&#13;
io.restassured.filter.log.RequestLoggingFilter.filter(RequestLoggingFilter.java:124)&#13;
net.serenitybdd.rest.filters.FieldsRecordingFilter.filter(FieldsRecordingFilter.java:40)&#13;
io.restassured.internal.filter.FilterContextImpl.next(FilterContextImpl.groovy:72)&#13;
io.restassured.filter.log.RequestLoggingFilter.filter(RequestLoggingFilter.java:124)&#13;
net.serenitybdd.rest.filters.FieldsRecordingFilter.filter(FieldsRecordingFilter.java:40)&#13;
io.restassured.internal.filter.FilterContextImpl.next(FilterContextImpl.groovy:72)&#13;
io.restassured.filter.log.RequestLoggingFilter.filter(RequestLoggingFilter.java:124)&#13;
net.serenitybdd.rest.filters.FieldsRecordingFilter.filter(FieldsRecordingFilter.java:40)&#13;
io.restassured.internal.filter.FilterContextImpl.next(FilterContextImpl.groovy:72)&#13;
io.restassured.internal.RequestSpecificationImpl.applyPathParamsAndSendRequest(RequestSpecificationImpl.groovy:1722)&#13;
groovy.lang.MetaMethod.doMethodInvoke(MetaMethod.java:325)&#13;
groovy.lang.MetaClassImpl.invokeMethod(MetaClassImpl.java:1213)&#13;
groovy.lang.MetaClassImpl.invokeMethod(MetaClassImpl.java:1022)&#13;
groovy.lang.MetaClassImpl.invokeMethod(MetaClassImpl.java:810)&#13;
io.restassured.internal.RequestSpecificationImpl.invokeMethod(RequestSpecificationImpl.groovy)&#13;
io.restassured.internal.RequestSpecificationImpl.applyPathParamsAndSendRequest(RequestSpecificationImpl.groovy:1728)&#13;
groovy.lang.MetaMethod.doMethodInvoke(MetaMethod.java:325)&#13;
groovy.lang.MetaClassImpl.invokeMethod(MetaClassImpl.java:1213)&#13;
groovy.lang.MetaClassImpl.invokeMethod(MetaClassImpl.java:1022)&#13;
groovy.lang.MetaClassImpl.invokeMethod(MetaClassImpl.java:810)&#13;
io.restassured.internal.RequestSpecificationImpl.invokeMethod(RequestSpecificationImpl.groovy)&#13;
io.restassured.internal.RequestSpecificationImpl.put(RequestSpecificationImpl.groovy:176)&#13;
net.serenitybdd.rest.decorators.request.RequestSpecificationDecorated.execute(RequestSpecificationDecorated.java:233)&#13;
net.serenitybdd.rest.decorators.request.RequestSpecificationDecorated.put(RequestSpecificationDecorated.java:105)&#13;
net.serenitybdd.rest.decorators.request.RequestSpecificationDecorated.put(RequestSpecificationDecorated.java:27)&#13;
com.bestbuyapi.bestbuyapiinfo.ServicesSteps.updateService(ServicesSteps.java:50)&#13;
com.bestbuyapi.servicesinfo.ServicesCURDTestWithSteps.test03(ServicesCURDTestWithSteps.java:45)&#13;
</system-err></testcase><testcase classname="com.bestbuyapi.servicesinfo.ServicesCURDTestWithSteps" name="Delete the service and verify if the service is deleted!"><error message="Some exception during recording fields" type="java.lang.RuntimeException">Some exception during recording fields</error><system-err>Some exception during recording fields&#13;
net.serenitybdd.rest.filters.FieldsRecordingFilter.filter(FieldsRecordingFilter.java:52)&#13;
io.restassured.internal.filter.FilterContextImpl.next(FilterContextImpl.groovy:72)&#13;
io.restassured.filter.log.RequestLoggingFilter.filter(RequestLoggingFilter.java:124)&#13;
net.serenitybdd.rest.filters.FieldsRecordingFilter.filter(FieldsRecordingFilter.java:40)&#13;
io.restassured.internal.filter.FilterContextImpl.next(FilterContextImpl.groovy:72)&#13;
io.restassured.filter.log.RequestLoggingFilter.filter(RequestLoggingFilter.java:124)&#13;
net.serenitybdd.rest.filters.FieldsRecordingFilter.filter(FieldsRecordingFilter.java:40)&#13;
io.restassured.internal.filter.FilterContextImpl.next(FilterContextImpl.groovy:72)&#13;
io.restassured.filter.log.RequestLoggingFilter.filter(RequestLoggingFilter.java:124)&#13;
net.serenitybdd.rest.filters.FieldsRecordingFilter.filter(FieldsRecordingFilter.java:40)&#13;
io.restassured.internal.filter.FilterContextImpl.next(FilterContextImpl.groovy:72)&#13;
io.restassured.filter.log.RequestLoggingFilter.filter(RequestLoggingFilter.java:124)&#13;
net.serenitybdd.rest.filters.FieldsRecordingFilter.filter(FieldsRecordingFilter.java:40)&#13;
io.restassured.internal.filter.FilterContextImpl.next(FilterContextImpl.groovy:72)&#13;
io.restassured.filter.log.RequestLoggingFilter.filter(RequestLoggingFilter.java:124)&#13;
net.serenitybdd.rest.filters.FieldsRecordingFilter.filter(FieldsRecordingFilter.java:40)&#13;
io.restassured.internal.filter.FilterContextImpl.next(FilterContextImpl.groovy:72)&#13;
io.restassured.internal.RequestSpecificationImpl.applyPathParamsAndSendRequest(RequestSpecificationImpl.groovy:1722)&#13;
groovy.lang.MetaMethod.doMethodInvoke(MetaMethod.java:325)&#13;
groovy.lang.MetaClassImpl.invokeMethod(MetaClassImpl.java:1213)&#13;
groovy.lang.MetaClassImpl.invokeMethod(MetaClassImpl.java:1022)&#13;
groovy.lang.MetaClassImpl.invokeMethod(MetaClassImpl.java:810)&#13;
io.restassured.internal.RequestSpecificationImpl.invokeMethod(RequestSpecificationImpl.groovy)&#13;
io.restassured.internal.RequestSpecificationImpl.applyPathParamsAndSendRequest(RequestSpecificationImpl.groovy:1728)&#13;
groovy.lang.MetaMethod.doMethodInvoke(MetaMethod.java:325)&#13;
groovy.lang.MetaClassImpl.invokeMethod(MetaClassImpl.java:1213)&#13;
groovy.lang.MetaClassImpl.invokeMethod(MetaClassImpl.java:1022)&#13;
groovy.lang.MetaClassImpl.invokeMethod(MetaClassImpl.java:810)&#13;
io.restassured.internal.RequestSpecificationImpl.invokeMethod(RequestSpecificationImpl.groovy)&#13;
io.restassured.internal.RequestSpecificationImpl.delete(RequestSpecificationImpl.groovy:180)&#13;
net.serenitybdd.rest.decorators.request.RequestSpecificationDecorated.execute(RequestSpecificationDecorated.java:230)&#13;
net.serenitybdd.rest.decorators.request.RequestSpecificationDecorated.delete(RequestSpecificationDecorated.java:131)&#13;
net.serenitybdd.rest.decorators.request.RequestSpecificationDecorated.delete(RequestSpecificationDecorated.java:27)&#13;
com.bestbuyapi.bestbuyapiinfo.ServicesSteps.deleteService(ServicesSteps.java:60)&#13;
com.bestbuyapi.servicesinfo.ServicesCURDTestWithSteps.test04(ServicesCURDTestWithSteps.java:53)&#13;
</system-err></testcase></testsuite>